<?xml version="1.0" encoding="UTF-8"?>
<!-- Generated by org.testng.reporters.JUnitReportReporter -->
<testsuite hostname="DESKTOP-FV41P2H" failures="0" tests="1" name="com.Saucedemo.TestPack.TC03verifyAddToCartfunctionality" time="13.073" errors="0" timestamp="2023-03-08T01:42:08 IST" skipped="0">
  <testcase classname="com.Saucedemo.TestPack.TC03verifyAddToCartfunctionality" name="verifyAddtoCartfunctionality" time="13.073"/>
  <system-out/>
</testsuite> <!-- com.Saucedemo.TestPack.TC03verifyAddToCartfunctionality -->
